Symlinking /home/florian/Aigritec/dynamixel_ros/catkin_ws/devel/lib/dynamixel_sdk_examples/read_write_node
Symlinking /home/florian/Aigritec/dynamixel_ros/catkin_ws/devel/lib/python2.7/dist-packages/dynamixel_sdk_examples/__init__.py
Symlinking /home/florian/Aigritec/dynamixel_ros/catkin_ws/devel/lib/python2.7/dist-packages/dynamixel_sdk_examples/srv/__init__.py
Symlinking /home/florian/Aigritec/dynamixel_ros/catkin_ws/devel/lib/python2.7/dist-packages/dynamixel_sdk_examples/srv/_GetPosition.py
Symlinking /home/florian/Aigritec/dynamixel_ros/catkin_ws/devel/lib/python2.7/dist-packages/dynamixel_sdk_examples/msg/__init__.py
Symlinking /home/florian/Aigritec/dynamixel_ros/catkin_ws/devel/lib/python2.7/dist-packages/dynamixel_sdk_examples/msg/_SetPosition.py
Symlinking /home/florian/Aigritec/dynamixel_ros/catkin_ws/devel/lib/pkgconfig/dynamixel_sdk_examples.pc
Symlinking /home/florian/Aigritec/dynamixel_ros/catkin_ws/devel/share/dynamixel_sdk_examples/cmake/dynamixel_sdk_examplesConfig.cmake
Symlinking /home/florian/Aigritec/dynamixel_ros/catkin_ws/devel/share/dynamixel_sdk_examples/cmake/dynamixel_sdk_examples-msg-paths.cmake
Symlinking /home/florian/Aigritec/dynamixel_ros/catkin_ws/devel/share/dynamixel_sdk_examples/cmake/dynamixel_sdk_examplesConfig-version.cmake
Symlinking /home/florian/Aigritec/dynamixel_ros/catkin_ws/devel/share/dynamixel_sdk_examples/cmake/dynamixel_sdk_examples-msg-extras.cmake
Symlinking /home/florian/Aigritec/dynamixel_ros/catkin_ws/devel/share/roseus/ros/dynamixel_sdk_examples/manifest.l
Symlinking /home/florian/Aigritec/dynamixel_ros/catkin_ws/devel/share/roseus/ros/dynamixel_sdk_examples/srv/GetPosition.l
Symlinking /home/florian/Aigritec/dynamixel_ros/catkin_ws/devel/share/roseus/ros/dynamixel_sdk_examples/msg/SetPosition.l
Symlinking /home/florian/Aigritec/dynamixel_ros/catkin_ws/devel/share/gennodejs/ros/dynamixel_sdk_examples/_index.js
Symlinking /home/florian/Aigritec/dynamixel_ros/catkin_ws/devel/share/gennodejs/ros/dynamixel_sdk_examples/srv/_index.js
Symlinking /home/florian/Aigritec/dynamixel_ros/catkin_ws/devel/share/gennodejs/ros/dynamixel_sdk_examples/srv/GetPosition.js
Symlinking /home/florian/Aigritec/dynamixel_ros/catkin_ws/devel/share/gennodejs/ros/dynamixel_sdk_examples/msg/_index.js
Symlinking /home/florian/Aigritec/dynamixel_ros/catkin_ws/devel/share/gennodejs/ros/dynamixel_sdk_examples/msg/SetPosition.js
Symlinking /home/florian/Aigritec/dynamixel_ros/catkin_ws/devel/share/common-lisp/ros/dynamixel_sdk_examples/srv/GetPosition.lisp
Symlinking /home/florian/Aigritec/dynamixel_ros/catkin_ws/devel/share/common-lisp/ros/dynamixel_sdk_examples/srv/_package.lisp
Symlinking /home/florian/Aigritec/dynamixel_ros/catkin_ws/devel/share/common-lisp/ros/dynamixel_sdk_examples/srv/dynamixel_sdk_examples-srv.asd
Symlinking /home/florian/Aigritec/dynamixel_ros/catkin_ws/devel/share/common-lisp/ros/dynamixel_sdk_examples/srv/_package_GetPosition.lisp
Symlinking /home/florian/Aigritec/dynamixel_ros/catkin_ws/devel/share/common-lisp/ros/dynamixel_sdk_examples/msg/_package.lisp
Symlinking /home/florian/Aigritec/dynamixel_ros/catkin_ws/devel/share/common-lisp/ros/dynamixel_sdk_examples/msg/_package_SetPosition.lisp
Symlinking /home/florian/Aigritec/dynamixel_ros/catkin_ws/devel/share/common-lisp/ros/dynamixel_sdk_examples/msg/SetPosition.lisp
Symlinking /home/florian/Aigritec/dynamixel_ros/catkin_ws/devel/share/common-lisp/ros/dynamixel_sdk_examples/msg/dynamixel_sdk_examples-msg.asd
Symlinking /home/florian/Aigritec/dynamixel_ros/catkin_ws/devel/include/dynamixel_sdk_examples/GetPosition.h
Symlinking /home/florian/Aigritec/dynamixel_ros/catkin_ws/devel/include/dynamixel_sdk_examples/SetPosition.h
Symlinking /home/florian/Aigritec/dynamixel_ros/catkin_ws/devel/include/dynamixel_sdk_examples/GetPositionRequest.h
Symlinking /home/florian/Aigritec/dynamixel_ros/catkin_ws/devel/include/dynamixel_sdk_examples/GetPositionResponse.h
