[35m[1mScanning dependencies of target _dynamixel_sdk_examples_generate_messages_check_deps_SetPosition[0m
[  0%] Built target _dynamixel_sdk_examples_generate_messages_check_deps_SetPosition
[35m[1mScanning dependencies of target std_msgs_generate_messages_py[0m
[35m[1mScanning dependencies of target _dynamixel_sdk_examples_generate_messages_check_deps_GetPosition[0m
[  0%] Built target std_msgs_generate_messages_py
[  0%] Built target _dynamixel_sdk_examples_generate_messages_check_deps_GetPosition
[35m[1mScanning dependencies of target std_msgs_generate_messages_cpp[0m
[35m[1mScanning dependencies of target std_msgs_generate_messages_lisp[0m
[  0%] Built target std_msgs_generate_messages_cpp
[  0%] Built target std_msgs_generate_messages_lisp
[35m[1mScanning dependencies of target std_msgs_generate_messages_eus[0m
[  0%] Built target std_msgs_generate_messages_eus
[35m[1mScanning dependencies of target std_msgs_generate_messages_nodejs[0m
[35m[1mScanning dependencies of target rosgraph_msgs_generate_messages_nodejs[0m
[  0%] Built target std_msgs_generate_messages_nodejs
[  0%] Built target rosgraph_msgs_generate_messages_nodejs
[35m[1mScanning dependencies of target rosgraph_msgs_generate_messages_py[0m
[  0%] Built target rosgraph_msgs_generate_messages_py
[35m[1mScanning dependencies of target rosgraph_msgs_generate_messages_lisp[0m
[  0%] Built target rosgraph_msgs_generate_messages_lisp
[35m[1mScanning dependencies of target rosgraph_msgs_generate_messages_eus[0m
[  0%] Built target rosgraph_msgs_generate_messages_eus
[35m[1mScanning dependencies of target roscpp_generate_messages_py[0m
[35m[1mScanning dependencies of target roscpp_generate_messages_lisp[0m
[35m[1mScanning dependencies of target roscpp_generate_messages_cpp[0m
[  0%] Built target roscpp_generate_messages_py
[  0%] Built target roscpp_generate_messages_lisp
[  0%] Built target roscpp_generate_messages_cpp
[35m[1mScanning dependencies of target roscpp_generate_messages_eus[0m
[35m[1mScanning dependencies of target roscpp_generate_messages_nodejs[0m
[35m[1mScanning dependencies of target rosgraph_msgs_generate_messages_cpp[0m
[  0%] Built target roscpp_generate_messages_eus
[  0%] Built target roscpp_generate_messages_nodejs
[  0%] Built target rosgraph_msgs_generate_messages_cpp
[35m[1mScanning dependencies of target dynamixel_sdk_examples_generate_messages_cpp[0m
[35m[1mScanning dependencies of target dynamixel_sdk_examples_generate_messages_py[0m
[35m[1mScanning dependencies of target dynamixel_sdk_examples_generate_messages_lisp[0m
[  6%] [34m[1mGenerating C++ code from dynamixel_sdk_examples/SetPosition.msg[0m
[ 13%] [34m[1mGenerating Python from MSG dynamixel_sdk_examples/SetPosition[0m
[ 20%] [34m[1mGenerating Lisp code from dynamixel_sdk_examples/SetPosition.msg[0m
[ 26%] [34m[1mGenerating Lisp code from dynamixel_sdk_examples/GetPosition.srv[0m
[ 26%] Built target dynamixel_sdk_examples_generate_messages_lisp
[ 33%] [34m[1mGenerating Python code from SRV dynamixel_sdk_examples/GetPosition[0m
[ 40%] [34m[1mGenerating C++ code from dynamixel_sdk_examples/GetPosition.srv[0m
[35m[1mScanning dependencies of target dynamixel_sdk_examples_generate_messages_eus[0m
[ 46%] [34m[1mGenerating EusLisp code from dynamixel_sdk_examples/SetPosition.msg[0m
[ 53%] [34m[1mGenerating EusLisp code from dynamixel_sdk_examples/GetPosition.srv[0m
[ 60%] [34m[1mGenerating Python msg __init__.py for dynamixel_sdk_examples[0m
[ 66%] [34m[1mGenerating EusLisp manifest code for dynamixel_sdk_examples[0m
[ 73%] [34m[1mGenerating Python srv __init__.py for dynamixel_sdk_examples[0m
[ 73%] Built target dynamixel_sdk_examples_generate_messages_cpp
[35m[1mScanning dependencies of target dynamixel_sdk_examples_generate_messages_nodejs[0m
[ 80%] [34m[1mGenerating Javascript code from dynamixel_sdk_examples/SetPosition.msg[0m
[ 86%] [34m[1mGenerating Javascript code from dynamixel_sdk_examples/GetPosition.srv[0m
[ 86%] Built target dynamixel_sdk_examples_generate_messages_py
[ 86%] Built target dynamixel_sdk_examples_generate_messages_nodejs
[ 86%] Built target dynamixel_sdk_examples_generate_messages_eus
[35m[1mScanning dependencies of target read_write_node[0m
[35m[1mScanning dependencies of target dynamixel_sdk_examples_generate_messages[0m
[ 86%] Built target dynamixel_sdk_examples_generate_messages
[ 93%] [32mBuilding CXX object CMakeFiles/read_write_node.dir/src/read_write_node.cpp.o[0m
[100%] [32m[1mLinking CXX executable /home/florian/dynamixel_ros/catkin_ws/devel/.private/dynamixel_sdk_examples/lib/dynamixel_sdk_examples/read_write_node[0m
[100%] Built target read_write_node
