Linked: (/home/florian/Aigritec/dynamixel_ros/catkin_ws/devel/.private/dynamixel_sdk_examples/lib/dynamixel_sdk_examples/read_write_node, /home/florian/Aigritec/dynamixel_ros/catkin_ws/devel/lib/dynamixel_sdk_examples/read_write_node)
Linked: (/home/florian/Aigritec/dynamixel_ros/catkin_ws/devel/.private/dynamixel_sdk_examples/lib/python2.7/dist-packages/dynamixel_sdk_examples/__init__.py, /home/florian/Aigritec/dynamixel_ros/catkin_ws/devel/lib/python2.7/dist-packages/dynamixel_sdk_examples/__init__.py)
Linked: (/home/florian/Aigritec/dynamixel_ros/catkin_ws/devel/.private/dynamixel_sdk_examples/lib/python2.7/dist-packages/dynamixel_sdk_examples/srv/__init__.py, /home/florian/Aigritec/dynamixel_ros/catkin_ws/devel/lib/python2.7/dist-packages/dynamixel_sdk_examples/srv/__init__.py)
Linked: (/home/florian/Aigritec/dynamixel_ros/catkin_ws/devel/.private/dynamixel_sdk_examples/lib/python2.7/dist-packages/dynamixel_sdk_examples/srv/_GetPosition.py, /home/florian/Aigritec/dynamixel_ros/catkin_ws/devel/lib/python2.7/dist-packages/dynamixel_sdk_examples/srv/_GetPosition.py)
Linked: (/home/florian/Aigritec/dynamixel_ros/catkin_ws/devel/.private/dynamixel_sdk_examples/lib/python2.7/dist-packages/dynamixel_sdk_examples/msg/__init__.py, /home/florian/Aigritec/dynamixel_ros/catkin_ws/devel/lib/python2.7/dist-packages/dynamixel_sdk_examples/msg/__init__.py)
Linked: (/home/florian/Aigritec/dynamixel_ros/catkin_ws/devel/.private/dynamixel_sdk_examples/lib/python2.7/dist-packages/dynamixel_sdk_examples/msg/_SetPosition.py, /home/florian/Aigritec/dynamixel_ros/catkin_ws/devel/lib/python2.7/dist-packages/dynamixel_sdk_examples/msg/_SetPosition.py)
Linked: (/home/florian/Aigritec/dynamixel_ros/catkin_ws/devel/.private/dynamixel_sdk_examples/lib/pkgconfig/dynamixel_sdk_examples.pc, /home/florian/Aigritec/dynamixel_ros/catkin_ws/devel/lib/pkgconfig/dynamixel_sdk_examples.pc)
Linked: (/home/florian/Aigritec/dynamixel_ros/catkin_ws/devel/.private/dynamixel_sdk_examples/share/dynamixel_sdk_examples/cmake/dynamixel_sdk_examplesConfig.cmake, /home/florian/Aigritec/dynamixel_ros/catkin_ws/devel/share/dynamixel_sdk_examples/cmake/dynamixel_sdk_examplesConfig.cmake)
Linked: (/home/florian/Aigritec/dynamixel_ros/catkin_ws/devel/.private/dynamixel_sdk_examples/share/dynamixel_sdk_examples/cmake/dynamixel_sdk_examples-msg-paths.cmake, /home/florian/Aigritec/dynamixel_ros/catkin_ws/devel/share/dynamixel_sdk_examples/cmake/dynamixel_sdk_examples-msg-paths.cmake)
Linked: (/home/florian/Aigritec/dynamixel_ros/catkin_ws/devel/.private/dynamixel_sdk_examples/share/dynamixel_sdk_examples/cmake/dynamixel_sdk_examplesConfig-version.cmake, /home/florian/Aigritec/dynamixel_ros/catkin_ws/devel/share/dynamixel_sdk_examples/cmake/dynamixel_sdk_examplesConfig-version.cmake)
Linked: (/home/florian/Aigritec/dynamixel_ros/catkin_ws/devel/.private/dynamixel_sdk_examples/share/dynamixel_sdk_examples/cmake/dynamixel_sdk_examples-msg-extras.cmake, /home/florian/Aigritec/dynamixel_ros/catkin_ws/devel/share/dynamixel_sdk_examples/cmake/dynamixel_sdk_examples-msg-extras.cmake)
Linked: (/home/florian/Aigritec/dynamixel_ros/catkin_ws/devel/.private/dynamixel_sdk_examples/share/roseus/ros/dynamixel_sdk_examples/manifest.l, /home/florian/Aigritec/dynamixel_ros/catkin_ws/devel/share/roseus/ros/dynamixel_sdk_examples/manifest.l)
Linked: (/home/florian/Aigritec/dynamixel_ros/catkin_ws/devel/.private/dynamixel_sdk_examples/share/roseus/ros/dynamixel_sdk_examples/srv/GetPosition.l, /home/florian/Aigritec/dynamixel_ros/catkin_ws/devel/share/roseus/ros/dynamixel_sdk_examples/srv/GetPosition.l)
Linked: (/home/florian/Aigritec/dynamixel_ros/catkin_ws/devel/.private/dynamixel_sdk_examples/share/roseus/ros/dynamixel_sdk_examples/msg/SetPosition.l, /home/florian/Aigritec/dynamixel_ros/catkin_ws/devel/share/roseus/ros/dynamixel_sdk_examples/msg/SetPosition.l)
Linked: (/home/florian/Aigritec/dynamixel_ros/catkin_ws/devel/.private/dynamixel_sdk_examples/share/gennodejs/ros/dynamixel_sdk_examples/_index.js, /home/florian/Aigritec/dynamixel_ros/catkin_ws/devel/share/gennodejs/ros/dynamixel_sdk_examples/_index.js)
Linked: (/home/florian/Aigritec/dynamixel_ros/catkin_ws/devel/.private/dynamixel_sdk_examples/share/gennodejs/ros/dynamixel_sdk_examples/srv/_index.js, /home/florian/Aigritec/dynamixel_ros/catkin_ws/devel/share/gennodejs/ros/dynamixel_sdk_examples/srv/_index.js)
Linked: (/home/florian/Aigritec/dynamixel_ros/catkin_ws/devel/.private/dynamixel_sdk_examples/share/gennodejs/ros/dynamixel_sdk_examples/srv/GetPosition.js, /home/florian/Aigritec/dynamixel_ros/catkin_ws/devel/share/gennodejs/ros/dynamixel_sdk_examples/srv/GetPosition.js)
Linked: (/home/florian/Aigritec/dynamixel_ros/catkin_ws/devel/.private/dynamixel_sdk_examples/share/gennodejs/ros/dynamixel_sdk_examples/msg/_index.js, /home/florian/Aigritec/dynamixel_ros/catkin_ws/devel/share/gennodejs/ros/dynamixel_sdk_examples/msg/_index.js)
Linked: (/home/florian/Aigritec/dynamixel_ros/catkin_ws/devel/.private/dynamixel_sdk_examples/share/gennodejs/ros/dynamixel_sdk_examples/msg/SetPosition.js, /home/florian/Aigritec/dynamixel_ros/catkin_ws/devel/share/gennodejs/ros/dynamixel_sdk_examples/msg/SetPosition.js)
Linked: (/home/florian/Aigritec/dynamixel_ros/catkin_ws/devel/.private/dynamixel_sdk_examples/share/common-lisp/ros/dynamixel_sdk_examples/srv/GetPosition.lisp, /home/florian/Aigritec/dynamixel_ros/catkin_ws/devel/share/common-lisp/ros/dynamixel_sdk_examples/srv/GetPosition.lisp)
Linked: (/home/florian/Aigritec/dynamixel_ros/catkin_ws/devel/.private/dynamixel_sdk_examples/share/common-lisp/ros/dynamixel_sdk_examples/srv/_package.lisp, /home/florian/Aigritec/dynamixel_ros/catkin_ws/devel/share/common-lisp/ros/dynamixel_sdk_examples/srv/_package.lisp)
Linked: (/home/florian/Aigritec/dynamixel_ros/catkin_ws/devel/.private/dynamixel_sdk_examples/share/common-lisp/ros/dynamixel_sdk_examples/srv/dynamixel_sdk_examples-srv.asd, /home/florian/Aigritec/dynamixel_ros/catkin_ws/devel/share/common-lisp/ros/dynamixel_sdk_examples/srv/dynamixel_sdk_examples-srv.asd)
Linked: (/home/florian/Aigritec/dynamixel_ros/catkin_ws/devel/.private/dynamixel_sdk_examples/share/common-lisp/ros/dynamixel_sdk_examples/srv/_package_GetPosition.lisp, /home/florian/Aigritec/dynamixel_ros/catkin_ws/devel/share/common-lisp/ros/dynamixel_sdk_examples/srv/_package_GetPosition.lisp)
Linked: (/home/florian/Aigritec/dynamixel_ros/catkin_ws/devel/.private/dynamixel_sdk_examples/share/common-lisp/ros/dynamixel_sdk_examples/msg/_package.lisp, /home/florian/Aigritec/dynamixel_ros/catkin_ws/devel/share/common-lisp/ros/dynamixel_sdk_examples/msg/_package.lisp)
Linked: (/home/florian/Aigritec/dynamixel_ros/catkin_ws/devel/.private/dynamixel_sdk_examples/share/common-lisp/ros/dynamixel_sdk_examples/msg/_package_SetPosition.lisp, /home/florian/Aigritec/dynamixel_ros/catkin_ws/devel/share/common-lisp/ros/dynamixel_sdk_examples/msg/_package_SetPosition.lisp)
Linked: (/home/florian/Aigritec/dynamixel_ros/catkin_ws/devel/.private/dynamixel_sdk_examples/share/common-lisp/ros/dynamixel_sdk_examples/msg/SetPosition.lisp, /home/florian/Aigritec/dynamixel_ros/catkin_ws/devel/share/common-lisp/ros/dynamixel_sdk_examples/msg/SetPosition.lisp)
Linked: (/home/florian/Aigritec/dynamixel_ros/catkin_ws/devel/.private/dynamixel_sdk_examples/share/common-lisp/ros/dynamixel_sdk_examples/msg/dynamixel_sdk_examples-msg.asd, /home/florian/Aigritec/dynamixel_ros/catkin_ws/devel/share/common-lisp/ros/dynamixel_sdk_examples/msg/dynamixel_sdk_examples-msg.asd)
Linked: (/home/florian/Aigritec/dynamixel_ros/catkin_ws/devel/.private/dynamixel_sdk_examples/include/dynamixel_sdk_examples/GetPosition.h, /home/florian/Aigritec/dynamixel_ros/catkin_ws/devel/include/dynamixel_sdk_examples/GetPosition.h)
Linked: (/home/florian/Aigritec/dynamixel_ros/catkin_ws/devel/.private/dynamixel_sdk_examples/include/dynamixel_sdk_examples/SetPosition.h, /home/florian/Aigritec/dynamixel_ros/catkin_ws/devel/include/dynamixel_sdk_examples/SetPosition.h)
Linked: (/home/florian/Aigritec/dynamixel_ros/catkin_ws/devel/.private/dynamixel_sdk_examples/include/dynamixel_sdk_examples/GetPositionRequest.h, /home/florian/Aigritec/dynamixel_ros/catkin_ws/devel/include/dynamixel_sdk_examples/GetPositionRequest.h)
Linked: (/home/florian/Aigritec/dynamixel_ros/catkin_ws/devel/.private/dynamixel_sdk_examples/include/dynamixel_sdk_examples/GetPositionResponse.h, /home/florian/Aigritec/dynamixel_ros/catkin_ws/devel/include/dynamixel_sdk_examples/GetPositionResponse.h)
