Determining if the pthread_create exist failed with the following output:
Change Dir: /home/florian/dynamixel_ros/catkin_ws/build/my_dynamixel_tutorial/CMakeFiles/CMakeTmp

Run Build Command:"/usr/bin/make" "cmTC_9d15a/fast"
/usr/bin/make -f CMakeFiles/cmTC_9d15a.dir/build.make CMakeFiles/cmTC_9d15a.dir/build
make[1]: ingresso nella directory "/home/florian/dynamixel_ros/catkin_ws/build/my_dynamixel_tutorial/CMakeFiles/CMakeTmp"
Building C object CMakeFiles/cmTC_9d15a.dir/CheckSymbolExists.c.o
/usr/bin/cc    -o CMakeFiles/cmTC_9d15a.dir/CheckSymbolExists.c.o   -c /home/florian/dynamixel_ros/catkin_ws/build/my_dynamixel_tutorial/CMakeFiles/CMakeTmp/CheckSymbolExists.c
Linking C executable cmTC_9d15a
/usr/bin/cmake -E cmake_link_script CMakeFiles/cmTC_9d15a.dir/link.txt --verbose=1
/usr/bin/cc      -rdynamic CMakeFiles/cmTC_9d15a.dir/CheckSymbolExists.c.o  -o cmTC_9d15a 
CMakeFiles/cmTC_9d15a.dir/CheckSymbolExists.c.o: nella funzione "main":
CheckSymbolExists.c:(.text+0x1b): riferimento non definito a "pthread_create"
collect2: error: ld returned 1 exit status
CMakeFiles/cmTC_9d15a.dir/build.make:97: recipe for target 'cmTC_9d15a' failed
make[1]: *** [cmTC_9d15a] Error 1
make[1]: uscita dalla directory "/home/florian/dynamixel_ros/catkin_ws/build/my_dynamixel_tutorial/CMakeFiles/CMakeTmp"
Makefile:126: recipe for target 'cmTC_9d15a/fast' failed
make: *** [cmTC_9d15a/fast] Error 2

File /home/florian/dynamixel_ros/catkin_ws/build/my_dynamixel_tutorial/CMakeFiles/CMakeTmp/CheckSymbolExists.c:
/* */
#include <pthread.h>

int main(int argc, char** argv)
{
  (void)argv;
#ifndef pthread_create
  return ((int*)(&pthread_create))[argc];
#else
  (void)argc;
  return 0;
#endif
}

Determining if the function pthread_create exists in the pthreads failed with the following output:
Change Dir: /home/florian/dynamixel_ros/catkin_ws/build/my_dynamixel_tutorial/CMakeFiles/CMakeTmp

Run Build Command:"/usr/bin/make" "cmTC_3523a/fast"
/usr/bin/make -f CMakeFiles/cmTC_3523a.dir/build.make CMakeFiles/cmTC_3523a.dir/build
make[1]: ingresso nella directory "/home/florian/dynamixel_ros/catkin_ws/build/my_dynamixel_tutorial/CMakeFiles/CMakeTmp"
Building C object CMakeFiles/cmTC_3523a.dir/CheckFunctionExists.c.o
/usr/bin/cc   -DCHECK_FUNCTION_EXISTS=pthread_create   -o CMakeFiles/cmTC_3523a.dir/CheckFunctionExists.c.o   -c /usr/share/cmake-3.10/Modules/CheckFunctionExists.c
Linking C executable cmTC_3523a
/usr/bin/cmake -E cmake_link_script CMakeFiles/cmTC_3523a.dir/link.txt --verbose=1
/usr/bin/cc  -DCHECK_FUNCTION_EXISTS=pthread_create    -rdynamic CMakeFiles/cmTC_3523a.dir/CheckFunctionExists.c.o  -o cmTC_3523a -lpthreads 
/usr/bin/ld: impossibile trovare -lpthreads
collect2: error: ld returned 1 exit status
CMakeFiles/cmTC_3523a.dir/build.make:97: recipe for target 'cmTC_3523a' failed
make[1]: *** [cmTC_3523a] Error 1
make[1]: uscita dalla directory "/home/florian/dynamixel_ros/catkin_ws/build/my_dynamixel_tutorial/CMakeFiles/CMakeTmp"
Makefile:126: recipe for target 'cmTC_3523a/fast' failed
make: *** [cmTC_3523a/fast] Error 2


