Determining if the pthread_create exist failed with the following output:
Change Dir: /home/florian/Aigritec/dynamixel_ros/catkin_ws/build/dynamixel_controllers/CMakeFiles/CMakeTmp

Run Build Command:"/usr/bin/make" "cmTC_3435f/fast"
/usr/bin/make -f CMakeFiles/cmTC_3435f.dir/build.make CMakeFiles/cmTC_3435f.dir/build
make[1]: ingresso nella directory "/home/florian/Aigritec/dynamixel_ros/catkin_ws/build/dynamixel_controllers/CMakeFiles/CMakeTmp"
Building C object CMakeFiles/cmTC_3435f.dir/CheckSymbolExists.c.o
/usr/bin/cc    -o CMakeFiles/cmTC_3435f.dir/CheckSymbolExists.c.o   -c /home/florian/Aigritec/dynamixel_ros/catkin_ws/build/dynamixel_controllers/CMakeFiles/CMakeTmp/CheckSymbolExists.c
Linking C executable cmTC_3435f
/usr/bin/cmake -E cmake_link_script CMakeFiles/cmTC_3435f.dir/link.txt --verbose=1
/usr/bin/cc      -rdynamic CMakeFiles/cmTC_3435f.dir/CheckSymbolExists.c.o  -o cmTC_3435f 
CMakeFiles/cmTC_3435f.dir/CheckSymbolExists.c.o: nella funzione "main":
CheckSymbolExists.c:(.text+0x1b): riferimento non definito a "pthread_create"
collect2: error: ld returned 1 exit status
CMakeFiles/cmTC_3435f.dir/build.make:97: recipe for target 'cmTC_3435f' failed
make[1]: *** [cmTC_3435f] Error 1
make[1]: uscita dalla directory "/home/florian/Aigritec/dynamixel_ros/catkin_ws/build/dynamixel_controllers/CMakeFiles/CMakeTmp"
Makefile:126: recipe for target 'cmTC_3435f/fast' failed
make: *** [cmTC_3435f/fast] Error 2

File /home/florian/Aigritec/dynamixel_ros/catkin_ws/build/dynamixel_controllers/CMakeFiles/CMakeTmp/CheckSymbolExists.c:
/* */
#include <pthread.h>

int main(int argc, char** argv)
{
  (void)argv;
#ifndef pthread_create
  return ((int*)(&pthread_create))[argc];
#else
  (void)argc;
  return 0;
#endif
}

Determining if the function pthread_create exists in the pthreads failed with the following output:
Change Dir: /home/florian/Aigritec/dynamixel_ros/catkin_ws/build/dynamixel_controllers/CMakeFiles/CMakeTmp

Run Build Command:"/usr/bin/make" "cmTC_a38f3/fast"
/usr/bin/make -f CMakeFiles/cmTC_a38f3.dir/build.make CMakeFiles/cmTC_a38f3.dir/build
make[1]: ingresso nella directory "/home/florian/Aigritec/dynamixel_ros/catkin_ws/build/dynamixel_controllers/CMakeFiles/CMakeTmp"
Building C object CMakeFiles/cmTC_a38f3.dir/CheckFunctionExists.c.o
/usr/bin/cc   -DCHECK_FUNCTION_EXISTS=pthread_create   -o CMakeFiles/cmTC_a38f3.dir/CheckFunctionExists.c.o   -c /usr/share/cmake-3.10/Modules/CheckFunctionExists.c
Linking C executable cmTC_a38f3
/usr/bin/cmake -E cmake_link_script CMakeFiles/cmTC_a38f3.dir/link.txt --verbose=1
/usr/bin/cc  -DCHECK_FUNCTION_EXISTS=pthread_create    -rdynamic CMakeFiles/cmTC_a38f3.dir/CheckFunctionExists.c.o  -o cmTC_a38f3 -lpthreads 
/usr/bin/ld: impossibile trovare -lpthreads
collect2: error: ld returned 1 exit status
CMakeFiles/cmTC_a38f3.dir/build.make:97: recipe for target 'cmTC_a38f3' failed
make[1]: *** [cmTC_a38f3] Error 1
make[1]: uscita dalla directory "/home/florian/Aigritec/dynamixel_ros/catkin_ws/build/dynamixel_controllers/CMakeFiles/CMakeTmp"
Makefile:126: recipe for target 'cmTC_a38f3/fast' failed
make: *** [cmTC_a38f3/fast] Error 2


