Determining if the pthread_create exist failed with the following output:
Change Dir: /home/florian/dynamixel_ros/catkin_ws/build/open_manipulator_controllers/CMakeFiles/CMakeTmp

Run Build Command:"/usr/bin/make" "cmTC_efafd/fast"
/usr/bin/make -f CMakeFiles/cmTC_efafd.dir/build.make CMakeFiles/cmTC_efafd.dir/build
make[1]: ingresso nella directory "/home/florian/dynamixel_ros/catkin_ws/build/open_manipulator_controllers/CMakeFiles/CMakeTmp"
Building C object CMakeFiles/cmTC_efafd.dir/CheckSymbolExists.c.o
/usr/bin/cc    -o CMakeFiles/cmTC_efafd.dir/CheckSymbolExists.c.o   -c /home/florian/dynamixel_ros/catkin_ws/build/open_manipulator_controllers/CMakeFiles/CMakeTmp/CheckSymbolExists.c
Linking C executable cmTC_efafd
/usr/bin/cmake -E cmake_link_script CMakeFiles/cmTC_efafd.dir/link.txt --verbose=1
/usr/bin/cc      -rdynamic CMakeFiles/cmTC_efafd.dir/CheckSymbolExists.c.o  -o cmTC_efafd 
CMakeFiles/cmTC_efafd.dir/CheckSymbolExists.c.o: nella funzione "main":
CheckSymbolExists.c:(.text+0x1b): riferimento non definito a "pthread_create"
collect2: error: ld returned 1 exit status
CMakeFiles/cmTC_efafd.dir/build.make:97: recipe for target 'cmTC_efafd' failed
make[1]: *** [cmTC_efafd] Error 1
make[1]: uscita dalla directory "/home/florian/dynamixel_ros/catkin_ws/build/open_manipulator_controllers/CMakeFiles/CMakeTmp"
Makefile:126: recipe for target 'cmTC_efafd/fast' failed
make: *** [cmTC_efafd/fast] Error 2

File /home/florian/dynamixel_ros/catkin_ws/build/open_manipulator_controllers/CMakeFiles/CMakeTmp/CheckSymbolExists.c:
/* */
#include <pthread.h>

int main(int argc, char** argv)
{
  (void)argv;
#ifndef pthread_create
  return ((int*)(&pthread_create))[argc];
#else
  (void)argc;
  return 0;
#endif
}

Determining if the function pthread_create exists in the pthreads failed with the following output:
Change Dir: /home/florian/dynamixel_ros/catkin_ws/build/open_manipulator_controllers/CMakeFiles/CMakeTmp

Run Build Command:"/usr/bin/make" "cmTC_d6e35/fast"
/usr/bin/make -f CMakeFiles/cmTC_d6e35.dir/build.make CMakeFiles/cmTC_d6e35.dir/build
make[1]: ingresso nella directory "/home/florian/dynamixel_ros/catkin_ws/build/open_manipulator_controllers/CMakeFiles/CMakeTmp"
Building C object CMakeFiles/cmTC_d6e35.dir/CheckFunctionExists.c.o
/usr/bin/cc   -DCHECK_FUNCTION_EXISTS=pthread_create   -o CMakeFiles/cmTC_d6e35.dir/CheckFunctionExists.c.o   -c /usr/share/cmake-3.10/Modules/CheckFunctionExists.c
Linking C executable cmTC_d6e35
/usr/bin/cmake -E cmake_link_script CMakeFiles/cmTC_d6e35.dir/link.txt --verbose=1
/usr/bin/cc  -DCHECK_FUNCTION_EXISTS=pthread_create    -rdynamic CMakeFiles/cmTC_d6e35.dir/CheckFunctionExists.c.o  -o cmTC_d6e35 -lpthreads 
/usr/bin/ld: impossibile trovare -lpthreads
collect2: error: ld returned 1 exit status
CMakeFiles/cmTC_d6e35.dir/build.make:97: recipe for target 'cmTC_d6e35' failed
make[1]: *** [cmTC_d6e35] Error 1
make[1]: uscita dalla directory "/home/florian/dynamixel_ros/catkin_ws/build/open_manipulator_controllers/CMakeFiles/CMakeTmp"
Makefile:126: recipe for target 'cmTC_d6e35/fast' failed
make: *** [cmTC_d6e35/fast] Error 2


