Determining if the pthread_create exist failed with the following output:
Change Dir: /home/florian/Aigritec/dynamixel_ros/catkin_ws/build/cool5000_controller/CMakeFiles/CMakeTmp

Run Build Command:"/usr/bin/make" "cmTC_61cec/fast"
/usr/bin/make -f CMakeFiles/cmTC_61cec.dir/build.make CMakeFiles/cmTC_61cec.dir/build
make[1]: ingresso nella directory "/home/florian/Aigritec/dynamixel_ros/catkin_ws/build/cool5000_controller/CMakeFiles/CMakeTmp"
Building C object CMakeFiles/cmTC_61cec.dir/CheckSymbolExists.c.o
/usr/bin/cc    -o CMakeFiles/cmTC_61cec.dir/CheckSymbolExists.c.o   -c /home/florian/Aigritec/dynamixel_ros/catkin_ws/build/cool5000_controller/CMakeFiles/CMakeTmp/CheckSymbolExists.c
Linking C executable cmTC_61cec
/usr/bin/cmake -E cmake_link_script CMakeFiles/cmTC_61cec.dir/link.txt --verbose=1
/usr/bin/cc      -rdynamic CMakeFiles/cmTC_61cec.dir/CheckSymbolExists.c.o  -o cmTC_61cec 
CMakeFiles/cmTC_61cec.dir/CheckSymbolExists.c.o: nella funzione "main":
CheckSymbolExists.c:(.text+0x1b): riferimento non definito a "pthread_create"
collect2: error: ld returned 1 exit status
CMakeFiles/cmTC_61cec.dir/build.make:97: recipe for target 'cmTC_61cec' failed
make[1]: *** [cmTC_61cec] Error 1
make[1]: uscita dalla directory "/home/florian/Aigritec/dynamixel_ros/catkin_ws/build/cool5000_controller/CMakeFiles/CMakeTmp"
Makefile:126: recipe for target 'cmTC_61cec/fast' failed
make: *** [cmTC_61cec/fast] Error 2

File /home/florian/Aigritec/dynamixel_ros/catkin_ws/build/cool5000_controller/CMakeFiles/CMakeTmp/CheckSymbolExists.c:
/* */
#include <pthread.h>

int main(int argc, char** argv)
{
  (void)argv;
#ifndef pthread_create
  return ((int*)(&pthread_create))[argc];
#else
  (void)argc;
  return 0;
#endif
}

Determining if the function pthread_create exists in the pthreads failed with the following output:
Change Dir: /home/florian/Aigritec/dynamixel_ros/catkin_ws/build/cool5000_controller/CMakeFiles/CMakeTmp

Run Build Command:"/usr/bin/make" "cmTC_a750d/fast"
/usr/bin/make -f CMakeFiles/cmTC_a750d.dir/build.make CMakeFiles/cmTC_a750d.dir/build
make[1]: ingresso nella directory "/home/florian/Aigritec/dynamixel_ros/catkin_ws/build/cool5000_controller/CMakeFiles/CMakeTmp"
Building C object CMakeFiles/cmTC_a750d.dir/CheckFunctionExists.c.o
/usr/bin/cc   -DCHECK_FUNCTION_EXISTS=pthread_create   -o CMakeFiles/cmTC_a750d.dir/CheckFunctionExists.c.o   -c /usr/share/cmake-3.10/Modules/CheckFunctionExists.c
Linking C executable cmTC_a750d
/usr/bin/cmake -E cmake_link_script CMakeFiles/cmTC_a750d.dir/link.txt --verbose=1
/usr/bin/cc  -DCHECK_FUNCTION_EXISTS=pthread_create    -rdynamic CMakeFiles/cmTC_a750d.dir/CheckFunctionExists.c.o  -o cmTC_a750d -lpthreads 
/usr/bin/ld: impossibile trovare -lpthreads
collect2: error: ld returned 1 exit status
CMakeFiles/cmTC_a750d.dir/build.make:97: recipe for target 'cmTC_a750d' failed
make[1]: *** [cmTC_a750d] Error 1
make[1]: uscita dalla directory "/home/florian/Aigritec/dynamixel_ros/catkin_ws/build/cool5000_controller/CMakeFiles/CMakeTmp"
Makefile:126: recipe for target 'cmTC_a750d/fast' failed
make: *** [cmTC_a750d/fast] Error 2


