Determining if the pthread_create exist failed with the following output:
Change Dir: /home/florian/dynamixel_ros/catkin_ws/build/open_manipulator_moveit_config/CMakeFiles/CMakeTmp

Run Build Command:"/usr/bin/make" "cmTC_33241/fast"
/usr/bin/make -f CMakeFiles/cmTC_33241.dir/build.make CMakeFiles/cmTC_33241.dir/build
make[1]: ingresso nella directory "/home/florian/dynamixel_ros/catkin_ws/build/open_manipulator_moveit_config/CMakeFiles/CMakeTmp"
Building C object CMakeFiles/cmTC_33241.dir/CheckSymbolExists.c.o
/usr/bin/cc    -o CMakeFiles/cmTC_33241.dir/CheckSymbolExists.c.o   -c /home/florian/dynamixel_ros/catkin_ws/build/open_manipulator_moveit_config/CMakeFiles/CMakeTmp/CheckSymbolExists.c
Linking C executable cmTC_33241
/usr/bin/cmake -E cmake_link_script CMakeFiles/cmTC_33241.dir/link.txt --verbose=1
/usr/bin/cc      -rdynamic CMakeFiles/cmTC_33241.dir/CheckSymbolExists.c.o  -o cmTC_33241 
CMakeFiles/cmTC_33241.dir/CheckSymbolExists.c.o: nella funzione "main":
CheckSymbolExists.c:(.text+0x1b): riferimento non definito a "pthread_create"
collect2: error: ld returned 1 exit status
CMakeFiles/cmTC_33241.dir/build.make:97: recipe for target 'cmTC_33241' failed
make[1]: *** [cmTC_33241] Error 1
make[1]: uscita dalla directory "/home/florian/dynamixel_ros/catkin_ws/build/open_manipulator_moveit_config/CMakeFiles/CMakeTmp"
Makefile:126: recipe for target 'cmTC_33241/fast' failed
make: *** [cmTC_33241/fast] Error 2

File /home/florian/dynamixel_ros/catkin_ws/build/open_manipulator_moveit_config/CMakeFiles/CMakeTmp/CheckSymbolExists.c:
/* */
#include <pthread.h>

int main(int argc, char** argv)
{
  (void)argv;
#ifndef pthread_create
  return ((int*)(&pthread_create))[argc];
#else
  (void)argc;
  return 0;
#endif
}

Determining if the function pthread_create exists in the pthreads failed with the following output:
Change Dir: /home/florian/dynamixel_ros/catkin_ws/build/open_manipulator_moveit_config/CMakeFiles/CMakeTmp

Run Build Command:"/usr/bin/make" "cmTC_25ceb/fast"
/usr/bin/make -f CMakeFiles/cmTC_25ceb.dir/build.make CMakeFiles/cmTC_25ceb.dir/build
make[1]: ingresso nella directory "/home/florian/dynamixel_ros/catkin_ws/build/open_manipulator_moveit_config/CMakeFiles/CMakeTmp"
Building C object CMakeFiles/cmTC_25ceb.dir/CheckFunctionExists.c.o
/usr/bin/cc   -DCHECK_FUNCTION_EXISTS=pthread_create   -o CMakeFiles/cmTC_25ceb.dir/CheckFunctionExists.c.o   -c /usr/share/cmake-3.10/Modules/CheckFunctionExists.c
Linking C executable cmTC_25ceb
/usr/bin/cmake -E cmake_link_script CMakeFiles/cmTC_25ceb.dir/link.txt --verbose=1
/usr/bin/cc  -DCHECK_FUNCTION_EXISTS=pthread_create    -rdynamic CMakeFiles/cmTC_25ceb.dir/CheckFunctionExists.c.o  -o cmTC_25ceb -lpthreads 
/usr/bin/ld: impossibile trovare -lpthreads
collect2: error: ld returned 1 exit status
CMakeFiles/cmTC_25ceb.dir/build.make:97: recipe for target 'cmTC_25ceb' failed
make[1]: *** [cmTC_25ceb] Error 1
make[1]: uscita dalla directory "/home/florian/dynamixel_ros/catkin_ws/build/open_manipulator_moveit_config/CMakeFiles/CMakeTmp"
Makefile:126: recipe for target 'cmTC_25ceb/fast' failed
make: *** [cmTC_25ceb/fast] Error 2


