Determining if the pthread_create exist failed with the following output:
Change Dir: /home/florian/Aigritec/dynamixel_ros/catkin_ws/build/dynamixel_moveit_config/CMakeFiles/CMakeTmp

Run Build Command:"/usr/bin/make" "cmTC_e79db/fast"
/usr/bin/make -f CMakeFiles/cmTC_e79db.dir/build.make CMakeFiles/cmTC_e79db.dir/build
make[1]: ingresso nella directory "/home/florian/Aigritec/dynamixel_ros/catkin_ws/build/dynamixel_moveit_config/CMakeFiles/CMakeTmp"
Building C object CMakeFiles/cmTC_e79db.dir/CheckSymbolExists.c.o
/usr/bin/cc    -o CMakeFiles/cmTC_e79db.dir/CheckSymbolExists.c.o   -c /home/florian/Aigritec/dynamixel_ros/catkin_ws/build/dynamixel_moveit_config/CMakeFiles/CMakeTmp/CheckSymbolExists.c
Linking C executable cmTC_e79db
/usr/bin/cmake -E cmake_link_script CMakeFiles/cmTC_e79db.dir/link.txt --verbose=1
/usr/bin/cc      -rdynamic CMakeFiles/cmTC_e79db.dir/CheckSymbolExists.c.o  -o cmTC_e79db 
CMakeFiles/cmTC_e79db.dir/CheckSymbolExists.c.o: nella funzione "main":
CheckSymbolExists.c:(.text+0x1b): riferimento non definito a "pthread_create"
collect2: error: ld returned 1 exit status
CMakeFiles/cmTC_e79db.dir/build.make:97: recipe for target 'cmTC_e79db' failed
make[1]: *** [cmTC_e79db] Error 1
make[1]: uscita dalla directory "/home/florian/Aigritec/dynamixel_ros/catkin_ws/build/dynamixel_moveit_config/CMakeFiles/CMakeTmp"
Makefile:126: recipe for target 'cmTC_e79db/fast' failed
make: *** [cmTC_e79db/fast] Error 2

File /home/florian/Aigritec/dynamixel_ros/catkin_ws/build/dynamixel_moveit_config/CMakeFiles/CMakeTmp/CheckSymbolExists.c:
/* */
#include <pthread.h>

int main(int argc, char** argv)
{
  (void)argv;
#ifndef pthread_create
  return ((int*)(&pthread_create))[argc];
#else
  (void)argc;
  return 0;
#endif
}

Determining if the function pthread_create exists in the pthreads failed with the following output:
Change Dir: /home/florian/Aigritec/dynamixel_ros/catkin_ws/build/dynamixel_moveit_config/CMakeFiles/CMakeTmp

Run Build Command:"/usr/bin/make" "cmTC_7afdc/fast"
/usr/bin/make -f CMakeFiles/cmTC_7afdc.dir/build.make CMakeFiles/cmTC_7afdc.dir/build
make[1]: ingresso nella directory "/home/florian/Aigritec/dynamixel_ros/catkin_ws/build/dynamixel_moveit_config/CMakeFiles/CMakeTmp"
Building C object CMakeFiles/cmTC_7afdc.dir/CheckFunctionExists.c.o
/usr/bin/cc   -DCHECK_FUNCTION_EXISTS=pthread_create   -o CMakeFiles/cmTC_7afdc.dir/CheckFunctionExists.c.o   -c /usr/share/cmake-3.10/Modules/CheckFunctionExists.c
Linking C executable cmTC_7afdc
/usr/bin/cmake -E cmake_link_script CMakeFiles/cmTC_7afdc.dir/link.txt --verbose=1
/usr/bin/cc  -DCHECK_FUNCTION_EXISTS=pthread_create    -rdynamic CMakeFiles/cmTC_7afdc.dir/CheckFunctionExists.c.o  -o cmTC_7afdc -lpthreads 
/usr/bin/ld: impossibile trovare -lpthreads
collect2: error: ld returned 1 exit status
CMakeFiles/cmTC_7afdc.dir/build.make:97: recipe for target 'cmTC_7afdc' failed
make[1]: *** [cmTC_7afdc] Error 1
make[1]: uscita dalla directory "/home/florian/Aigritec/dynamixel_ros/catkin_ws/build/dynamixel_moveit_config/CMakeFiles/CMakeTmp"
Makefile:126: recipe for target 'cmTC_7afdc/fast' failed
make: *** [cmTC_7afdc/fast] Error 2


