Determining if the pthread_create exist failed with the following output:
Change Dir: /home/florian/dynamixel_ros/catkin_ws/build/dynamixel_sdk/CMakeFiles/CMakeTmp

Run Build Command:"/usr/bin/make" "cmTC_5b4af/fast"
/usr/bin/make -f CMakeFiles/cmTC_5b4af.dir/build.make CMakeFiles/cmTC_5b4af.dir/build
make[1]: ingresso nella directory "/home/florian/dynamixel_ros/catkin_ws/build/dynamixel_sdk/CMakeFiles/CMakeTmp"
Building C object CMakeFiles/cmTC_5b4af.dir/CheckSymbolExists.c.o
/usr/bin/cc    -o CMakeFiles/cmTC_5b4af.dir/CheckSymbolExists.c.o   -c /home/florian/dynamixel_ros/catkin_ws/build/dynamixel_sdk/CMakeFiles/CMakeTmp/CheckSymbolExists.c
Linking C executable cmTC_5b4af
/usr/bin/cmake -E cmake_link_script CMakeFiles/cmTC_5b4af.dir/link.txt --verbose=1
/usr/bin/cc      -rdynamic CMakeFiles/cmTC_5b4af.dir/CheckSymbolExists.c.o  -o cmTC_5b4af 
CMakeFiles/cmTC_5b4af.dir/CheckSymbolExists.c.o: nella funzione "main":
CheckSymbolExists.c:(.text+0x1b): riferimento non definito a "pthread_create"
collect2: error: ld returned 1 exit status
CMakeFiles/cmTC_5b4af.dir/build.make:97: recipe for target 'cmTC_5b4af' failed
make[1]: *** [cmTC_5b4af] Error 1
make[1]: uscita dalla directory "/home/florian/dynamixel_ros/catkin_ws/build/dynamixel_sdk/CMakeFiles/CMakeTmp"
Makefile:126: recipe for target 'cmTC_5b4af/fast' failed
make: *** [cmTC_5b4af/fast] Error 2

File /home/florian/dynamixel_ros/catkin_ws/build/dynamixel_sdk/CMakeFiles/CMakeTmp/CheckSymbolExists.c:
/* */
#include <pthread.h>

int main(int argc, char** argv)
{
  (void)argv;
#ifndef pthread_create
  return ((int*)(&pthread_create))[argc];
#else
  (void)argc;
  return 0;
#endif
}

Determining if the function pthread_create exists in the pthreads failed with the following output:
Change Dir: /home/florian/dynamixel_ros/catkin_ws/build/dynamixel_sdk/CMakeFiles/CMakeTmp

Run Build Command:"/usr/bin/make" "cmTC_f2880/fast"
/usr/bin/make -f CMakeFiles/cmTC_f2880.dir/build.make CMakeFiles/cmTC_f2880.dir/build
make[1]: ingresso nella directory "/home/florian/dynamixel_ros/catkin_ws/build/dynamixel_sdk/CMakeFiles/CMakeTmp"
Building C object CMakeFiles/cmTC_f2880.dir/CheckFunctionExists.c.o
/usr/bin/cc   -DCHECK_FUNCTION_EXISTS=pthread_create   -o CMakeFiles/cmTC_f2880.dir/CheckFunctionExists.c.o   -c /usr/share/cmake-3.10/Modules/CheckFunctionExists.c
Linking C executable cmTC_f2880
/usr/bin/cmake -E cmake_link_script CMakeFiles/cmTC_f2880.dir/link.txt --verbose=1
/usr/bin/cc  -DCHECK_FUNCTION_EXISTS=pthread_create    -rdynamic CMakeFiles/cmTC_f2880.dir/CheckFunctionExists.c.o  -o cmTC_f2880 -lpthreads 
/usr/bin/ld: impossibile trovare -lpthreads
collect2: error: ld returned 1 exit status
CMakeFiles/cmTC_f2880.dir/build.make:97: recipe for target 'cmTC_f2880' failed
make[1]: *** [cmTC_f2880] Error 1
make[1]: uscita dalla directory "/home/florian/dynamixel_ros/catkin_ws/build/dynamixel_sdk/CMakeFiles/CMakeTmp"
Makefile:126: recipe for target 'cmTC_f2880/fast' failed
make: *** [cmTC_f2880/fast] Error 2


