Determining if the pthread_create exist failed with the following output:
Change Dir: /home/florian/Aigritec/dynamixel_ros/catkin_ws/build/dynamixel_tutorials/CMakeFiles/CMakeTmp

Run Build Command:"/usr/bin/make" "cmTC_2b474/fast"
/usr/bin/make -f CMakeFiles/cmTC_2b474.dir/build.make CMakeFiles/cmTC_2b474.dir/build
make[1]: ingresso nella directory "/home/florian/Aigritec/dynamixel_ros/catkin_ws/build/dynamixel_tutorials/CMakeFiles/CMakeTmp"
Building C object CMakeFiles/cmTC_2b474.dir/CheckSymbolExists.c.o
/usr/bin/cc    -o CMakeFiles/cmTC_2b474.dir/CheckSymbolExists.c.o   -c /home/florian/Aigritec/dynamixel_ros/catkin_ws/build/dynamixel_tutorials/CMakeFiles/CMakeTmp/CheckSymbolExists.c
Linking C executable cmTC_2b474
/usr/bin/cmake -E cmake_link_script CMakeFiles/cmTC_2b474.dir/link.txt --verbose=1
/usr/bin/cc      -rdynamic CMakeFiles/cmTC_2b474.dir/CheckSymbolExists.c.o  -o cmTC_2b474 
CMakeFiles/cmTC_2b474.dir/CheckSymbolExists.c.o: nella funzione "main":
CheckSymbolExists.c:(.text+0x1b): riferimento non definito a "pthread_create"
collect2: error: ld returned 1 exit status
CMakeFiles/cmTC_2b474.dir/build.make:97: recipe for target 'cmTC_2b474' failed
make[1]: *** [cmTC_2b474] Error 1
make[1]: uscita dalla directory "/home/florian/Aigritec/dynamixel_ros/catkin_ws/build/dynamixel_tutorials/CMakeFiles/CMakeTmp"
Makefile:126: recipe for target 'cmTC_2b474/fast' failed
make: *** [cmTC_2b474/fast] Error 2

File /home/florian/Aigritec/dynamixel_ros/catkin_ws/build/dynamixel_tutorials/CMakeFiles/CMakeTmp/CheckSymbolExists.c:
/* */
#include <pthread.h>

int main(int argc, char** argv)
{
  (void)argv;
#ifndef pthread_create
  return ((int*)(&pthread_create))[argc];
#else
  (void)argc;
  return 0;
#endif
}

Determining if the function pthread_create exists in the pthreads failed with the following output:
Change Dir: /home/florian/Aigritec/dynamixel_ros/catkin_ws/build/dynamixel_tutorials/CMakeFiles/CMakeTmp

Run Build Command:"/usr/bin/make" "cmTC_588ce/fast"
/usr/bin/make -f CMakeFiles/cmTC_588ce.dir/build.make CMakeFiles/cmTC_588ce.dir/build
make[1]: ingresso nella directory "/home/florian/Aigritec/dynamixel_ros/catkin_ws/build/dynamixel_tutorials/CMakeFiles/CMakeTmp"
Building C object CMakeFiles/cmTC_588ce.dir/CheckFunctionExists.c.o
/usr/bin/cc   -DCHECK_FUNCTION_EXISTS=pthread_create   -o CMakeFiles/cmTC_588ce.dir/CheckFunctionExists.c.o   -c /usr/share/cmake-3.10/Modules/CheckFunctionExists.c
Linking C executable cmTC_588ce
/usr/bin/cmake -E cmake_link_script CMakeFiles/cmTC_588ce.dir/link.txt --verbose=1
/usr/bin/cc  -DCHECK_FUNCTION_EXISTS=pthread_create    -rdynamic CMakeFiles/cmTC_588ce.dir/CheckFunctionExists.c.o  -o cmTC_588ce -lpthreads 
/usr/bin/ld: impossibile trovare -lpthreads
collect2: error: ld returned 1 exit status
CMakeFiles/cmTC_588ce.dir/build.make:97: recipe for target 'cmTC_588ce' failed
make[1]: *** [cmTC_588ce] Error 1
make[1]: uscita dalla directory "/home/florian/Aigritec/dynamixel_ros/catkin_ws/build/dynamixel_tutorials/CMakeFiles/CMakeTmp"
Makefile:126: recipe for target 'cmTC_588ce/fast' failed
make: *** [cmTC_588ce/fast] Error 2


