Determining if the pthread_create exist failed with the following output:
Change Dir: /home/florian/dynamixel_ros/catkin_ws/build/orange_description/CMakeFiles/CMakeTmp

Run Build Command:"/usr/bin/make" "cmTC_a4047/fast"
/usr/bin/make -f CMakeFiles/cmTC_a4047.dir/build.make CMakeFiles/cmTC_a4047.dir/build
make[1]: ingresso nella directory "/home/florian/dynamixel_ros/catkin_ws/build/orange_description/CMakeFiles/CMakeTmp"
Building C object CMakeFiles/cmTC_a4047.dir/CheckSymbolExists.c.o
/usr/bin/cc    -o CMakeFiles/cmTC_a4047.dir/CheckSymbolExists.c.o   -c /home/florian/dynamixel_ros/catkin_ws/build/orange_description/CMakeFiles/CMakeTmp/CheckSymbolExists.c
Linking C executable cmTC_a4047
/usr/bin/cmake -E cmake_link_script CMakeFiles/cmTC_a4047.dir/link.txt --verbose=1
/usr/bin/cc      -rdynamic CMakeFiles/cmTC_a4047.dir/CheckSymbolExists.c.o  -o cmTC_a4047 
CMakeFiles/cmTC_a4047.dir/CheckSymbolExists.c.o: nella funzione "main":
CheckSymbolExists.c:(.text+0x1b): riferimento non definito a "pthread_create"
collect2: error: ld returned 1 exit status
CMakeFiles/cmTC_a4047.dir/build.make:97: recipe for target 'cmTC_a4047' failed
make[1]: *** [cmTC_a4047] Error 1
make[1]: uscita dalla directory "/home/florian/dynamixel_ros/catkin_ws/build/orange_description/CMakeFiles/CMakeTmp"
Makefile:126: recipe for target 'cmTC_a4047/fast' failed
make: *** [cmTC_a4047/fast] Error 2

File /home/florian/dynamixel_ros/catkin_ws/build/orange_description/CMakeFiles/CMakeTmp/CheckSymbolExists.c:
/* */
#include <pthread.h>

int main(int argc, char** argv)
{
  (void)argv;
#ifndef pthread_create
  return ((int*)(&pthread_create))[argc];
#else
  (void)argc;
  return 0;
#endif
}

Determining if the function pthread_create exists in the pthreads failed with the following output:
Change Dir: /home/florian/dynamixel_ros/catkin_ws/build/orange_description/CMakeFiles/CMakeTmp

Run Build Command:"/usr/bin/make" "cmTC_0239b/fast"
/usr/bin/make -f CMakeFiles/cmTC_0239b.dir/build.make CMakeFiles/cmTC_0239b.dir/build
make[1]: ingresso nella directory "/home/florian/dynamixel_ros/catkin_ws/build/orange_description/CMakeFiles/CMakeTmp"
Building C object CMakeFiles/cmTC_0239b.dir/CheckFunctionExists.c.o
/usr/bin/cc   -DCHECK_FUNCTION_EXISTS=pthread_create   -o CMakeFiles/cmTC_0239b.dir/CheckFunctionExists.c.o   -c /usr/share/cmake-3.10/Modules/CheckFunctionExists.c
Linking C executable cmTC_0239b
/usr/bin/cmake -E cmake_link_script CMakeFiles/cmTC_0239b.dir/link.txt --verbose=1
/usr/bin/cc  -DCHECK_FUNCTION_EXISTS=pthread_create    -rdynamic CMakeFiles/cmTC_0239b.dir/CheckFunctionExists.c.o  -o cmTC_0239b -lpthreads 
/usr/bin/ld: impossibile trovare -lpthreads
collect2: error: ld returned 1 exit status
CMakeFiles/cmTC_0239b.dir/build.make:97: recipe for target 'cmTC_0239b' failed
make[1]: *** [cmTC_0239b] Error 1
make[1]: uscita dalla directory "/home/florian/dynamixel_ros/catkin_ws/build/orange_description/CMakeFiles/CMakeTmp"
Makefile:126: recipe for target 'cmTC_0239b/fast' failed
make: *** [cmTC_0239b/fast] Error 2


